<html>
<head>
<title>TestNG:  Sign In Validation</title>
<link href="../testng.css" rel="stylesheet" type="text/css" />
<link href="../my-testng.css" rel="stylesheet" type="text/css" />

<style type="text/css">
.log { display: none;} 
.stack-trace { display: none;} 
</style>
<script type="text/javascript">
<!--
function flip(e) {
  current = e.style.display;
  if (current == 'block') {
    e.style.display = 'none';
    return 0;
  }
  else {
    e.style.display = 'block';
    return 1;
  }
}

function toggleBox(szDivId, elem, msg1, msg2)
{
  var res = -1;  if (document.getElementById) {
    res = flip(document.getElementById(szDivId));
  }
  else if (document.all) {
    // this is the way old msie versions work
    res = flip(document.all[szDivId]);
  }
  if(elem) {
    if(res == 0) elem.innerHTML = msg1; else elem.innerHTML = msg2;
  }

}

function toggleAllBoxes() {
  if (document.getElementsByTagName) {
    d = document.getElementsByTagName('div');
    for (i = 0; i < d.length; i++) {
      if (d[i].className == 'log') {
        flip(d[i]);
      }
    }
  }
}

// -->
</script>

</head>
<body>
<h2 align='center'>Sign In Validation</h2><table border='1' align="center">
<tr>
<td>Tests passed/Failed/Skipped:</td><td>8/2/0</td>
</tr><tr>
<td>Started on:</td><td>Tue Mar 14 15:34:56 CDT 2017</td>
</tr>
<tr><td>Total time:</td><td>113 seconds (113411 ms)</td>
</tr><tr>
<td>Included groups:</td><td></td>
</tr><tr>
<td>Excluded groups:</td><td></td>
</tr>
</table><p/>
<small><i>(Hover the method name to see the test class name)</i></small><p/>
<table width='100%' border='1' class='invocation-failed'>
<tr><td colspan='4' align='center'><b>FAILED TESTS</b></td></tr>
<tr><td><b>Test method</b></td>
<td width="30%"><b>Exception</b></td>
<td width="10%"><b>Time (seconds)</b></td>
<td><b>Instance</b></td>
</tr>
<tr>
<td title='com.pageObjects.SignUp.test.SignUpTest.enterInvalidEmail()'><b>enterInvalidEmail</b><br>Test class: com.pageObjects.SignUp.test.SignUpTest<br>Parameters: jose@uol.com.br<br/>
<a href="#Output-369347944" onClick='toggleBox("Output-369347944", this, "Show output", "Hide output");'>Show output</a>

<a href="#Output-369347944" onClick="toggleAllBoxes();">Show all outputs</a>
<div class='log' id="Output-369347944">
FAILED - enterInvalidEmail<br/>
</div>
</td>
<td><div><pre>java.lang.AssertionError: Timeout: &apos;Expected condition failed: waiting for visibility of element located by By.id: create_account_error (tried for 15 second(s) with 500 MILLISECONDS interval)  - Element &apos;By.id: create_account_error&apos; not found for SignUpPage
	at org.junit.Assert.fail(Assert.java:88)
	at org.junit.Assert.assertTrue(Assert.java:41)
	at com.pageObjects.AbstractPage.isElementPresent(AbstractPage.java:89)
	at com.pageObjects.SignUpPage.getAlertCreateAccount(SignUpPage.java:61)
	at com.pageObjects.SignUp.test.SignUpTest.enterInvalidEmail(SignUpTest.java:28)
... Removed 25 stack frames</pre></div><a href='#' onClick='toggleBox("stack-trace369347944", this, "Click to show all stack frames", "Click to hide stack frames")'>Click to show all stack frames</a>
<div class='stack-trace' id='stack-trace369347944'><pre>java.lang.AssertionError: Timeout: &apos;Expected condition failed: waiting for visibility of element located by By.id: create_account_error (tried for 15 second(s) with 500 MILLISECONDS interval)  - Element &apos;By.id: create_account_error&apos; not found for SignUpPage
	at org.junit.Assert.fail(Assert.java:88)
	at org.junit.Assert.assertTrue(Assert.java:41)
	at com.pageObjects.AbstractPage.isElementPresent(AbstractPage.java:89)
	at com.pageObjects.SignUpPage.getAlertCreateAccount(SignUpPage.java:61)
	at com.pageObjects.SignUp.test.SignUpTest.enterInvalidEmail(SignUpTest.java:28)
	at sun.reflect.NativeMethodAccessorImpl.invoke0(Native Method)
	at sun.reflect.NativeMethodAccessorImpl.invoke(NativeMethodAccessorImpl.java:62)
	at sun.reflect.DelegatingMethodAccessorImpl.invoke(DelegatingMethodAccessorImpl.java:43)
	at java.lang.reflect.Method.invoke(Method.java:498)
	at org.testng.internal.MethodInvocationHelper.invokeMethod(MethodInvocationHelper.java:108)
	at org.testng.internal.Invoker.invokeMethod(Invoker.java:661)
	at org.testng.internal.Invoker.invokeTestMethod(Invoker.java:869)
	at org.testng.internal.Invoker.invokeTestMethods(Invoker.java:1193)
	at org.testng.internal.TestMethodWorker.invokeTestMethods(TestMethodWorker.java:126)
	at org.testng.internal.TestMethodWorker.run(TestMethodWorker.java:109)
	at org.testng.TestRunner.privateRun(TestRunner.java:744)
	at org.testng.TestRunner.run(TestRunner.java:602)
	at org.testng.SuiteRunner.runTest(SuiteRunner.java:380)
	at org.testng.SuiteRunner.runSequentially(SuiteRunner.java:375)
	at org.testng.SuiteRunner.privateRun(SuiteRunner.java:340)
	at org.testng.SuiteRunner.run(SuiteRunner.java:289)
	at org.testng.SuiteRunnerWorker.runSuite(SuiteRunnerWorker.java:52)
	at org.testng.SuiteRunnerWorker.run(SuiteRunnerWorker.java:86)
	at org.testng.TestNG.runSuitesSequentially(TestNG.java:1301)
	at org.testng.TestNG.runSuitesLocally(TestNG.java:1226)
	at org.testng.TestNG.runSuites(TestNG.java:1144)
	at org.testng.TestNG.run(TestNG.java:1115)
	at org.testng.remote.AbstractRemoteTestNG.run(AbstractRemoteTestNG.java:132)
	at org.testng.remote.RemoteTestNG.initAndRun(RemoteTestNG.java:236)
	at org.testng.remote.RemoteTestNG.main(RemoteTestNG.java:81)
</pre></div></td>
<td>15</td>
<td>com.pageObjects.SignUp.test.SignUpTest@10db82ae</td></tr>
<tr>
<td title='com.pageObjects.SignUp.test.SignUpTest.enterInvalidEmail()'><b>enterInvalidEmail</b><br>Test class: com.pageObjects.SignUp.test.SignUpTest<br>Parameters: lurdes@123.com<br/>
<a href="#Output-1322642290" onClick='toggleBox("Output-1322642290", this, "Show output", "Hide output");'>Show output</a>

<a href="#Output-1322642290" onClick="toggleAllBoxes();">Show all outputs</a>
<div class='log' id="Output-1322642290">
FAILED - enterInvalidEmail<br/>
</div>
</td>
<td><div><pre>java.lang.AssertionError: Timeout: &apos;Expected condition failed: waiting for visibility of element located by By.id: create_account_error (tried for 15 second(s) with 500 MILLISECONDS interval)  - Element &apos;By.id: create_account_error&apos; not found for SignUpPage
	at org.junit.Assert.fail(Assert.java:88)
	at org.junit.Assert.assertTrue(Assert.java:41)
	at com.pageObjects.AbstractPage.isElementPresent(AbstractPage.java:89)
	at com.pageObjects.SignUpPage.getAlertCreateAccount(SignUpPage.java:61)
	at com.pageObjects.SignUp.test.SignUpTest.enterInvalidEmail(SignUpTest.java:28)
... Removed 25 stack frames</pre></div><a href='#' onClick='toggleBox("stack-trace1322642290", this, "Click to show all stack frames", "Click to hide stack frames")'>Click to show all stack frames</a>
<div class='stack-trace' id='stack-trace1322642290'><pre>java.lang.AssertionError: Timeout: &apos;Expected condition failed: waiting for visibility of element located by By.id: create_account_error (tried for 15 second(s) with 500 MILLISECONDS interval)  - Element &apos;By.id: create_account_error&apos; not found for SignUpPage
	at org.junit.Assert.fail(Assert.java:88)
	at org.junit.Assert.assertTrue(Assert.java:41)
	at com.pageObjects.AbstractPage.isElementPresent(AbstractPage.java:89)
	at com.pageObjects.SignUpPage.getAlertCreateAccount(SignUpPage.java:61)
	at com.pageObjects.SignUp.test.SignUpTest.enterInvalidEmail(SignUpTest.java:28)
	at sun.reflect.NativeMethodAccessorImpl.invoke0(Native Method)
	at sun.reflect.NativeMethodAccessorImpl.invoke(NativeMethodAccessorImpl.java:62)
	at sun.reflect.DelegatingMethodAccessorImpl.invoke(DelegatingMethodAccessorImpl.java:43)
	at java.lang.reflect.Method.invoke(Method.java:498)
	at org.testng.internal.MethodInvocationHelper.invokeMethod(MethodInvocationHelper.java:108)
	at org.testng.internal.Invoker.invokeMethod(Invoker.java:661)
	at org.testng.internal.Invoker.invokeTestMethod(Invoker.java:869)
	at org.testng.internal.Invoker.invokeTestMethods(Invoker.java:1193)
	at org.testng.internal.TestMethodWorker.invokeTestMethods(TestMethodWorker.java:126)
	at org.testng.internal.TestMethodWorker.run(TestMethodWorker.java:109)
	at org.testng.TestRunner.privateRun(TestRunner.java:744)
	at org.testng.TestRunner.run(TestRunner.java:602)
	at org.testng.SuiteRunner.runTest(SuiteRunner.java:380)
	at org.testng.SuiteRunner.runSequentially(SuiteRunner.java:375)
	at org.testng.SuiteRunner.privateRun(SuiteRunner.java:340)
	at org.testng.SuiteRunner.run(SuiteRunner.java:289)
	at org.testng.SuiteRunnerWorker.runSuite(SuiteRunnerWorker.java:52)
	at org.testng.SuiteRunnerWorker.run(SuiteRunnerWorker.java:86)
	at org.testng.TestNG.runSuitesSequentially(TestNG.java:1301)
	at org.testng.TestNG.runSuitesLocally(TestNG.java:1226)
	at org.testng.TestNG.runSuites(TestNG.java:1144)
	at org.testng.TestNG.run(TestNG.java:1115)
	at org.testng.remote.AbstractRemoteTestNG.run(AbstractRemoteTestNG.java:132)
	at org.testng.remote.RemoteTestNG.initAndRun(RemoteTestNG.java:236)
	at org.testng.remote.RemoteTestNG.main(RemoteTestNG.java:81)
</pre></div></td>
<td>16</td>
<td>com.pageObjects.SignUp.test.SignUpTest@10db82ae</td></tr>
</table><p>
<table width='100%' border='1' class='invocation-passed'>
<tr><td colspan='4' align='center'><b>PASSED TESTS</b></td></tr>
<tr><td><b>Test method</b></td>
<td width="30%"><b>Exception</b></td>
<td width="10%"><b>Time (seconds)</b></td>
<td><b>Instance</b></td>
</tr>
<tr>
<td title='com.pageObjects.SignUp.test.SignUpTest.enterInvalidEmail()'><b>enterInvalidEmail</b><br>Test class: com.pageObjects.SignUp.test.SignUpTest<br>Parameters: llopda<br/>
<a href="#Output-67749199" onClick='toggleBox("Output-67749199", this, "Show output", "Hide output");'>Show output</a>

<a href="#Output-67749199" onClick="toggleAllBoxes();">Show all outputs</a>
<div class='log' id="Output-67749199">
PASSED - enterInvalidEmail<br/>
</div>
</td>
<td></td>
<td>1</td>
<td>com.pageObjects.SignUp.test.SignUpTest@10db82ae</td></tr>
<tr>
<td title='com.pageObjects.SignUp.test.SignUpTest.enterInvalidEmail()'><b>enterInvalidEmail</b><br>Test class: com.pageObjects.SignUp.test.SignUpTest<br>Parameters: @@@<br/>
<a href="#Output-240630125" onClick='toggleBox("Output-240630125", this, "Show output", "Hide output");'>Show output</a>

<a href="#Output-240630125" onClick="toggleAllBoxes();">Show all outputs</a>
<div class='log' id="Output-240630125">
PASSED - enterInvalidEmail<br/>
</div>
</td>
<td></td>
<td>1</td>
<td>com.pageObjects.SignUp.test.SignUpTest@10db82ae</td></tr>
<tr>
<td title='com.pageObjects.SignUp.test.SignUpTest.enterInvalidEmail()'><b>enterInvalidEmail</b><br>Test class: com.pageObjects.SignUp.test.SignUpTest<br>Parameters: mary@.<br/>
<a href="#Output-1558763625" onClick='toggleBox("Output-1558763625", this, "Show output", "Hide output");'>Show output</a>

<a href="#Output-1558763625" onClick="toggleAllBoxes();">Show all outputs</a>
<div class='log' id="Output-1558763625">
PASSED - enterInvalidEmail<br/>
</div>
</td>
<td></td>
<td>1</td>
<td>com.pageObjects.SignUp.test.SignUpTest@10db82ae</td></tr>
<tr>
<td title='com.pageObjects.SignUp.test.SignUpTest.enterValidEmail()'><b>enterValidEmail</b><br>Test class: com.pageObjects.SignUp.test.SignUpTest<br>Parameters: jhon@uol.com<br/>
<a href="#Output-888287133" onClick='toggleBox("Output-888287133", this, "Show output", "Hide output");'>Show output</a>

<a href="#Output-888287133" onClick="toggleAllBoxes();">Show all outputs</a>
<div class='log' id="Output-888287133">
PASSED - enterValidEmail<br/>
</div>
</td>
<td></td>
<td>1</td>
<td>com.pageObjects.SignUp.test.SignUpTest@10db82ae</td></tr>
<tr>
<td title='com.pageObjects.SignUp.test.SignUpTest.enterValidEmail()'><b>enterValidEmail</b><br>Test class: com.pageObjects.SignUp.test.SignUpTest<br>Parameters: Michael@outlook.com<br/>
<a href="#Output-125844477" onClick='toggleBox("Output-125844477", this, "Show output", "Hide output");'>Show output</a>

<a href="#Output-125844477" onClick="toggleAllBoxes();">Show all outputs</a>
<div class='log' id="Output-125844477">
PASSED - enterValidEmail<br/>
</div>
</td>
<td></td>
<td>1</td>
<td>com.pageObjects.SignUp.test.SignUpTest@10db82ae</td></tr>
<tr>
<td title='com.pageObjects.SignUp.test.SignUpTest.enterValidEmail()'><b>enterValidEmail</b><br>Test class: com.pageObjects.SignUp.test.SignUpTest<br>Parameters: bruno_soares@test.com<br/>
<a href="#Output-1528741718" onClick='toggleBox("Output-1528741718", this, "Show output", "Hide output");'>Show output</a>

<a href="#Output-1528741718" onClick="toggleAllBoxes();">Show all outputs</a>
<div class='log' id="Output-1528741718">
PASSED - enterValidEmail<br/>
</div>
</td>
<td></td>
<td>2</td>
<td>com.pageObjects.SignUp.test.SignUpTest@10db82ae</td></tr>
<tr>
<td title='com.pageObjects.SignUp.test.SignUpTest.enterValidEmail()'><b>enterValidEmail</b><br>Test class: com.pageObjects.SignUp.test.SignUpTest<br>Parameters: vilma12@test.eu<br/>
<a href="#Output-834466358" onClick='toggleBox("Output-834466358", this, "Show output", "Hide output");'>Show output</a>

<a href="#Output-834466358" onClick="toggleAllBoxes();">Show all outputs</a>
<div class='log' id="Output-834466358">
PASSED - enterValidEmail<br/>
</div>
</td>
<td></td>
<td>1</td>
<td>com.pageObjects.SignUp.test.SignUpTest@10db82ae</td></tr>
<tr>
<td title='com.pageObjects.SignUp.test.SignUpTest.enterValidEmail()'><b>enterValidEmail</b><br>Test class: com.pageObjects.SignUp.test.SignUpTest<br>Parameters: cristian88.r@bol.com<br/>
<a href="#Output-1104422581" onClick='toggleBox("Output-1104422581", this, "Show output", "Hide output");'>Show output</a>

<a href="#Output-1104422581" onClick="toggleAllBoxes();">Show all outputs</a>
<div class='log' id="Output-1104422581">
PASSED - enterValidEmail<br/>
</div>
</td>
<td></td>
<td>1</td>
<td>com.pageObjects.SignUp.test.SignUpTest@10db82ae</td></tr>
</table><p>
</body>
</html>