<?xml version="1.0" encoding="UTF-8"?>
<!-- Generated by org.testng.reporters.JUnitXMLReporter -->
<testsuite hostname="ech-0A9D805B" ignored="0" name="Sign In Validation" tests="10" failures="2" timestamp="14 Mar 2017 20:36:50 GMT" time="113.411" errors="0">
  <testcase name="enterInvalidEmail" time="1.527" classname="com.pageObjects.SignUp.test.SignUpTest"/>
  <testcase name="enterInvalidEmail" time="15.873" classname="com.pageObjects.SignUp.test.SignUpTest">
    <failure type="java.lang.AssertionError" message="Timeout: &amp;apos;Expected condition failed: waiting for visibility of element located by By.id: create_account_error (tried for 15 second(s) with 500 MILLISECONDS interval)  - Element &amp;apos;By.id: create_account_error&amp;apos; not found for SignUpPage">
      <![CDATA[java.lang.AssertionError: Timeout: 'Expected condition failed: waiting for visibility of element located by By.id: create_account_error (tried for 15 second(s) with 500 MILLISECONDS interval)  - Element 'By.id: create_account_error' not found for SignUpPage
	at org.junit.Assert.fail(Assert.java:88)
	at org.junit.Assert.assertTrue(Assert.java:41)
	at com.pageObjects.AbstractPage.isElementPresent(AbstractPage.java:89)
	at com.pageObjects.SignUpPage.getAlertCreateAccount(SignUpPage.java:61)
	at com.pageObjects.SignUp.test.SignUpTest.enterInvalidEmail(SignUpTest.java:28)
... Removed 25 stack frames]]>
    </failure>
  </testcase> <!-- enterInvalidEmail -->
  <testcase name="enterInvalidEmail" time="1.036" classname="com.pageObjects.SignUp.test.SignUpTest"/>
  <testcase name="enterInvalidEmail" time="1.0" classname="com.pageObjects.SignUp.test.SignUpTest"/>
  <testcase name="enterInvalidEmail" time="16.68" classname="com.pageObjects.SignUp.test.SignUpTest">
    <failure type="java.lang.AssertionError" message="Timeout: &amp;apos;Expected condition failed: waiting for visibility of element located by By.id: create_account_error (tried for 15 second(s) with 500 MILLISECONDS interval)  - Element &amp;apos;By.id: create_account_error&amp;apos; not found for SignUpPage">
      <![CDATA[java.lang.AssertionError: Timeout: 'Expected condition failed: waiting for visibility of element located by By.id: create_account_error (tried for 15 second(s) with 500 MILLISECONDS interval)  - Element 'By.id: create_account_error' not found for SignUpPage
	at org.junit.Assert.fail(Assert.java:88)
	at org.junit.Assert.assertTrue(Assert.java:41)
	at com.pageObjects.AbstractPage.isElementPresent(AbstractPage.java:89)
	at com.pageObjects.SignUpPage.getAlertCreateAccount(SignUpPage.java:61)
	at com.pageObjects.SignUp.test.SignUpTest.enterInvalidEmail(SignUpTest.java:28)
... Removed 25 stack frames]]>
    </failure>
  </testcase> <!-- enterInvalidEmail -->
  <testcase name="enterValidEmail" time="1.476" classname="com.pageObjects.SignUp.test.SignUpTest"/>
  <testcase name="enterValidEmail" time="1.521" classname="com.pageObjects.SignUp.test.SignUpTest"/>
  <testcase name="enterValidEmail" time="2.009" classname="com.pageObjects.SignUp.test.SignUpTest"/>
  <testcase name="enterValidEmail" time="1.493" classname="com.pageObjects.SignUp.test.SignUpTest"/>
  <testcase name="enterValidEmail" time="1.586" classname="com.pageObjects.SignUp.test.SignUpTest"/>
</testsuite> <!-- Sign In Validation -->
