<?xml version="1.0" encoding="UTF-8"?>
<!-- Generated by org.testng.reporters.JUnitXMLReporter -->
<testsuite hostname="ech-0A9D805B" ignored="0" name="Default test" tests="9" failures="1" timestamp="10 Mar 2017 19:11:25 GMT" time="89.632" errors="0">
  <testcase name="enterInvalidEmail" time="1.064" classname="com.pageObjects.SignUp.test.SignUpTest"/>
  <testcase name="enterInvalidEmail" time="15.788" classname="com.pageObjects.SignUp.test.SignUpTest">
    <failure type="java.lang.AssertionError" message="expected [Invalid email address.] but found [ ]">
      <![CDATA[java.lang.AssertionError: expected [Invalid email address.] but found [ ]
	at com.pageObjects.SignUp.test.SignUpTest.enterInvalidEmail(SignUpTest.java:33)
... Removed 31 stack frames]]>
    </failure>
  </testcase> <!-- enterInvalidEmail -->
  <testcase name="enterInvalidEmail" time="0.957" classname="com.pageObjects.SignUp.test.SignUpTest"/>
  <testcase name="enterInvalidEmail" time="0.952" classname="com.pageObjects.SignUp.test.SignUpTest"/>
  <testcase name="enterValidEmail" time="1.531" classname="com.pageObjects.SignUp.test.SignUpTest"/>
  <testcase name="enterValidEmail" time="1.505" classname="com.pageObjects.SignUp.test.SignUpTest"/>
  <testcase name="enterValidEmail" time="1.447" classname="com.pageObjects.SignUp.test.SignUpTest"/>
  <testcase name="enterValidEmail" time="1.524" classname="com.pageObjects.SignUp.test.SignUpTest"/>
  <testcase name="enterValidEmail" time="1.497" classname="com.pageObjects.SignUp.test.SignUpTest"/>
</testsuite> <!-- Default test -->
