<?xml version="1.0" encoding="UTF-8"?>
<testng-results skipped="0" failed="1" ignored="0" total="9" passed="8">
  <reporter-output>
  </reporter-output>
  <suite name="Default suite" duration-ms="89632" started-at="2017-03-10T19:09:56Z" finished-at="2017-03-10T19:11:25Z">
    <groups>
    </groups>
    <test name="Default test" duration-ms="89632" started-at="2017-03-10T19:09:56Z" finished-at="2017-03-10T19:11:25Z">
      <class name="com.pageObjects.SignUp.test.SignUpTest">
        <test-method status="PASS" signature="setUp(java.lang.String)[pri:0, instance:com.pageObjects.SignUp.test.SignUpTest@78dd667e]" name="setUp" is-config="true" duration-ms="8418" started-at="2017-03-10T13:09:56Z" finished-at="2017-03-10T13:10:04Z">
          <params>
            <param index="0">
              <value>
                <![CDATA[chrome]]>
              </value>
            </param>
          </params>
          <reporter-output>
          </reporter-output>
        </test-method> <!-- setUp -->
        <test-method status="PASS" signature="enterInvalidEmail(java.lang.String)[pri:0, instance:com.pageObjects.SignUp.test.SignUpTest@78dd667e]" name="enterInvalidEmail" duration-ms="1064" started-at="2017-03-10T13:10:04Z" data-provider="invalidEmails" finished-at="2017-03-10T13:10:05Z">
          <params>
            <param index="0">
              <value>
                <![CDATA[llopda]]>
              </value>
            </param>
          </params>
          <reporter-output>
          </reporter-output>
        </test-method> <!-- enterInvalidEmail -->
        <test-method status="PASS" signature="tearDown()[pri:0, instance:com.pageObjects.SignUp.test.SignUpTest@78dd667e]" name="tearDown" is-config="true" duration-ms="896" started-at="2017-03-10T13:10:05Z" finished-at="2017-03-10T13:10:06Z">
          <reporter-output>
          </reporter-output>
        </test-method> <!-- tearDown -->
        <test-method status="PASS" signature="setUp(java.lang.String)[pri:0, instance:com.pageObjects.SignUp.test.SignUpTest@78dd667e]" name="setUp" is-config="true" duration-ms="5745" started-at="2017-03-10T13:10:06Z" finished-at="2017-03-10T13:10:12Z">
          <params>
            <param index="0">
              <value>
                <![CDATA[chrome]]>
              </value>
            </param>
          </params>
          <reporter-output>
          </reporter-output>
        </test-method> <!-- setUp -->
        <test-method status="FAIL" signature="enterInvalidEmail(java.lang.String)[pri:0, instance:com.pageObjects.SignUp.test.SignUpTest@78dd667e]" name="enterInvalidEmail" duration-ms="15788" started-at="2017-03-10T13:10:12Z" data-provider="invalidEmails" finished-at="2017-03-10T13:10:28Z">
          <params>
            <param index="0">
              <value>
                <![CDATA[jose@uol.com.br]]>
              </value>
            </param>
          </params>
          <exception class="java.lang.AssertionError">
            <message>
              <![CDATA[expected [Invalid email address.] but found [ ]]]>
            </message>
            <full-stacktrace>
              <![CDATA[java.lang.AssertionError: expected [Invalid email address.] but found [ ]
	at org.testng.Assert.fail(Assert.java:93)
	at org.testng.Assert.failNotEquals(Assert.java:512)
	at org.testng.Assert.assertEqualsImpl(Assert.java:134)
	at org.testng.Assert.assertEquals(Assert.java:115)
	at org.testng.Assert.assertEquals(Assert.java:189)
	at org.testng.Assert.assertEquals(Assert.java:199)
	at com.pageObjects.SignUp.test.SignUpTest.enterInvalidEmail(SignUpTest.java:33)
	at sun.reflect.NativeMethodAccessorImpl.invoke0(Native Method)
	at sun.reflect.NativeMethodAccessorImpl.invoke(NativeMethodAccessorImpl.java:62)
	at sun.reflect.DelegatingMethodAccessorImpl.invoke(DelegatingMethodAccessorImpl.java:43)
	at java.lang.reflect.Method.invoke(Method.java:498)
	at org.testng.internal.MethodInvocationHelper.invokeMethod(MethodInvocationHelper.java:108)
	at org.testng.internal.Invoker.invokeMethod(Invoker.java:661)
	at org.testng.internal.Invoker.invokeTestMethod(Invoker.java:869)
	at org.testng.internal.Invoker.invokeTestMethods(Invoker.java:1193)
	at org.testng.internal.TestMethodWorker.invokeTestMethods(TestMethodWorker.java:126)
	at org.testng.internal.TestMethodWorker.run(TestMethodWorker.java:109)
	at org.testng.TestRunner.privateRun(TestRunner.java:744)
	at org.testng.TestRunner.run(TestRunner.java:602)
	at org.testng.SuiteRunner.runTest(SuiteRunner.java:380)
	at org.testng.SuiteRunner.runSequentially(SuiteRunner.java:375)
	at org.testng.SuiteRunner.privateRun(SuiteRunner.java:340)
	at org.testng.SuiteRunner.run(SuiteRunner.java:289)
	at org.testng.SuiteRunnerWorker.runSuite(SuiteRunnerWorker.java:52)
	at org.testng.SuiteRunnerWorker.run(SuiteRunnerWorker.java:86)
	at org.testng.TestNG.runSuitesSequentially(TestNG.java:1301)
	at org.testng.TestNG.runSuitesLocally(TestNG.java:1226)
	at org.testng.TestNG.runSuites(TestNG.java:1144)
	at org.testng.TestNG.run(TestNG.java:1115)
	at org.testng.remote.AbstractRemoteTestNG.run(AbstractRemoteTestNG.java:132)
	at org.testng.remote.RemoteTestNG.initAndRun(RemoteTestNG.java:236)
	at org.testng.remote.RemoteTestNG.main(RemoteTestNG.java:81)
]]>
            </full-stacktrace>
          </exception> <!-- java.lang.AssertionError -->
          <reporter-output>
          </reporter-output>
        </test-method> <!-- enterInvalidEmail -->
        <test-method status="PASS" signature="tearDown()[pri:0, instance:com.pageObjects.SignUp.test.SignUpTest@78dd667e]" name="tearDown" is-config="true" duration-ms="840" started-at="2017-03-10T13:10:28Z" finished-at="2017-03-10T13:10:28Z">
          <reporter-output>
          </reporter-output>
        </test-method> <!-- tearDown -->
        <test-method status="PASS" signature="setUp(java.lang.String)[pri:0, instance:com.pageObjects.SignUp.test.SignUpTest@78dd667e]" name="setUp" is-config="true" duration-ms="5882" started-at="2017-03-10T13:10:28Z" finished-at="2017-03-10T13:10:34Z">
          <params>
            <param index="0">
              <value>
                <![CDATA[chrome]]>
              </value>
            </param>
          </params>
          <reporter-output>
          </reporter-output>
        </test-method> <!-- setUp -->
        <test-method status="PASS" signature="enterInvalidEmail(java.lang.String)[pri:0, instance:com.pageObjects.SignUp.test.SignUpTest@78dd667e]" name="enterInvalidEmail" duration-ms="957" started-at="2017-03-10T13:10:34Z" data-provider="invalidEmails" finished-at="2017-03-10T13:10:35Z">
          <params>
            <param index="0">
              <value>
                <![CDATA[@@@]]>
              </value>
            </param>
          </params>
          <reporter-output>
          </reporter-output>
        </test-method> <!-- enterInvalidEmail -->
        <test-method status="PASS" signature="tearDown()[pri:0, instance:com.pageObjects.SignUp.test.SignUpTest@78dd667e]" name="tearDown" is-config="true" duration-ms="791" started-at="2017-03-10T13:10:35Z" finished-at="2017-03-10T13:10:36Z">
          <reporter-output>
          </reporter-output>
        </test-method> <!-- tearDown -->
        <test-method status="PASS" signature="setUp(java.lang.String)[pri:0, instance:com.pageObjects.SignUp.test.SignUpTest@78dd667e]" name="setUp" is-config="true" duration-ms="5802" started-at="2017-03-10T13:10:36Z" finished-at="2017-03-10T13:10:42Z">
          <params>
            <param index="0">
              <value>
                <![CDATA[chrome]]>
              </value>
            </param>
          </params>
          <reporter-output>
          </reporter-output>
        </test-method> <!-- setUp -->
        <test-method status="PASS" signature="enterInvalidEmail(java.lang.String)[pri:0, instance:com.pageObjects.SignUp.test.SignUpTest@78dd667e]" name="enterInvalidEmail" duration-ms="952" started-at="2017-03-10T13:10:42Z" data-provider="invalidEmails" finished-at="2017-03-10T13:10:43Z">
          <params>
            <param index="0">
              <value>
                <![CDATA[mary@.]]>
              </value>
            </param>
          </params>
          <reporter-output>
          </reporter-output>
        </test-method> <!-- enterInvalidEmail -->
        <test-method status="PASS" signature="tearDown()[pri:0, instance:com.pageObjects.SignUp.test.SignUpTest@78dd667e]" name="tearDown" is-config="true" duration-ms="860" started-at="2017-03-10T13:10:43Z" finished-at="2017-03-10T13:10:44Z">
          <reporter-output>
          </reporter-output>
        </test-method> <!-- tearDown -->
        <test-method status="PASS" signature="setUp(java.lang.String)[pri:0, instance:com.pageObjects.SignUp.test.SignUpTest@78dd667e]" name="setUp" is-config="true" duration-ms="5678" started-at="2017-03-10T13:10:44Z" finished-at="2017-03-10T13:10:49Z">
          <params>
            <param index="0">
              <value>
                <![CDATA[chrome]]>
              </value>
            </param>
          </params>
          <reporter-output>
          </reporter-output>
        </test-method> <!-- setUp -->
        <test-method status="PASS" signature="enterValidEmail(java.lang.String)[pri:0, instance:com.pageObjects.SignUp.test.SignUpTest@78dd667e]" name="enterValidEmail" duration-ms="1531" started-at="2017-03-10T13:10:49Z" data-provider="validEmails" finished-at="2017-03-10T13:10:51Z">
          <params>
            <param index="0">
              <value>
                <![CDATA[jhon@uol.com]]>
              </value>
            </param>
          </params>
          <reporter-output>
          </reporter-output>
        </test-method> <!-- enterValidEmail -->
        <test-method status="PASS" signature="tearDown()[pri:0, instance:com.pageObjects.SignUp.test.SignUpTest@78dd667e]" name="tearDown" is-config="true" duration-ms="801" started-at="2017-03-10T13:10:51Z" finished-at="2017-03-10T13:10:52Z">
          <reporter-output>
          </reporter-output>
        </test-method> <!-- tearDown -->
        <test-method status="PASS" signature="setUp(java.lang.String)[pri:0, instance:com.pageObjects.SignUp.test.SignUpTest@78dd667e]" name="setUp" is-config="true" duration-ms="7090" started-at="2017-03-10T13:10:52Z" finished-at="2017-03-10T13:10:59Z">
          <params>
            <param index="0">
              <value>
                <![CDATA[chrome]]>
              </value>
            </param>
          </params>
          <reporter-output>
          </reporter-output>
        </test-method> <!-- setUp -->
        <test-method status="PASS" signature="enterValidEmail(java.lang.String)[pri:0, instance:com.pageObjects.SignUp.test.SignUpTest@78dd667e]" name="enterValidEmail" duration-ms="1505" started-at="2017-03-10T13:10:59Z" data-provider="validEmails" finished-at="2017-03-10T13:11:00Z">
          <params>
            <param index="0">
              <value>
                <![CDATA[Michael@outlook.com]]>
              </value>
            </param>
          </params>
          <reporter-output>
          </reporter-output>
        </test-method> <!-- enterValidEmail -->
        <test-method status="PASS" signature="tearDown()[pri:0, instance:com.pageObjects.SignUp.test.SignUpTest@78dd667e]" name="tearDown" is-config="true" duration-ms="848" started-at="2017-03-10T13:11:00Z" finished-at="2017-03-10T13:11:01Z">
          <reporter-output>
          </reporter-output>
        </test-method> <!-- tearDown -->
        <test-method status="PASS" signature="setUp(java.lang.String)[pri:0, instance:com.pageObjects.SignUp.test.SignUpTest@78dd667e]" name="setUp" is-config="true" duration-ms="6194" started-at="2017-03-10T13:11:01Z" finished-at="2017-03-10T13:11:07Z">
          <params>
            <param index="0">
              <value>
                <![CDATA[chrome]]>
              </value>
            </param>
          </params>
          <reporter-output>
          </reporter-output>
        </test-method> <!-- setUp -->
        <test-method status="PASS" signature="enterValidEmail(java.lang.String)[pri:0, instance:com.pageObjects.SignUp.test.SignUpTest@78dd667e]" name="enterValidEmail" duration-ms="1447" started-at="2017-03-10T13:11:07Z" data-provider="validEmails" finished-at="2017-03-10T13:11:09Z">
          <params>
            <param index="0">
              <value>
                <![CDATA[bruno_soares@test.com]]>
              </value>
            </param>
          </params>
          <reporter-output>
          </reporter-output>
        </test-method> <!-- enterValidEmail -->
        <test-method status="PASS" signature="tearDown()[pri:0, instance:com.pageObjects.SignUp.test.SignUpTest@78dd667e]" name="tearDown" is-config="true" duration-ms="800" started-at="2017-03-10T13:11:09Z" finished-at="2017-03-10T13:11:10Z">
          <reporter-output>
          </reporter-output>
        </test-method> <!-- tearDown -->
        <test-method status="PASS" signature="setUp(java.lang.String)[pri:0, instance:com.pageObjects.SignUp.test.SignUpTest@78dd667e]" name="setUp" is-config="true" duration-ms="5559" started-at="2017-03-10T13:11:10Z" finished-at="2017-03-10T13:11:15Z">
          <params>
            <param index="0">
              <value>
                <![CDATA[chrome]]>
              </value>
            </param>
          </params>
          <reporter-output>
          </reporter-output>
        </test-method> <!-- setUp -->
        <test-method status="PASS" signature="enterValidEmail(java.lang.String)[pri:0, instance:com.pageObjects.SignUp.test.SignUpTest@78dd667e]" name="enterValidEmail" duration-ms="1524" started-at="2017-03-10T13:11:15Z" data-provider="validEmails" finished-at="2017-03-10T13:11:17Z">
          <params>
            <param index="0">
              <value>
                <![CDATA[vilma12@test.eu]]>
              </value>
            </param>
          </params>
          <reporter-output>
          </reporter-output>
        </test-method> <!-- enterValidEmail -->
        <test-method status="PASS" signature="tearDown()[pri:0, instance:com.pageObjects.SignUp.test.SignUpTest@78dd667e]" name="tearDown" is-config="true" duration-ms="787" started-at="2017-03-10T13:11:17Z" finished-at="2017-03-10T13:11:17Z">
          <reporter-output>
          </reporter-output>
        </test-method> <!-- tearDown -->
        <test-method status="PASS" signature="setUp(java.lang.String)[pri:0, instance:com.pageObjects.SignUp.test.SignUpTest@78dd667e]" name="setUp" is-config="true" duration-ms="5517" started-at="2017-03-10T13:11:17Z" finished-at="2017-03-10T13:11:23Z">
          <params>
            <param index="0">
              <value>
                <![CDATA[chrome]]>
              </value>
            </param>
          </params>
          <reporter-output>
          </reporter-output>
        </test-method> <!-- setUp -->
        <test-method status="PASS" signature="enterValidEmail(java.lang.String)[pri:0, instance:com.pageObjects.SignUp.test.SignUpTest@78dd667e]" name="enterValidEmail" duration-ms="1497" started-at="2017-03-10T13:11:23Z" data-provider="validEmails" finished-at="2017-03-10T13:11:24Z">
          <params>
            <param index="0">
              <value>
                <![CDATA[cristian88.r@bol.com]]>
              </value>
            </param>
          </params>
          <reporter-output>
          </reporter-output>
        </test-method> <!-- enterValidEmail -->
        <test-method status="PASS" signature="tearDown()[pri:0, instance:com.pageObjects.SignUp.test.SignUpTest@78dd667e]" name="tearDown" is-config="true" duration-ms="820" started-at="2017-03-10T13:11:24Z" finished-at="2017-03-10T13:11:25Z">
          <reporter-output>
          </reporter-output>
        </test-method> <!-- tearDown -->
      </class> <!-- com.pageObjects.SignUp.test.SignUpTest -->
    </test> <!-- Default test -->
  </suite> <!-- Default suite -->
</testng-results>
