<?xml version="1.0" encoding="UTF-8"?>
<!-- Generated by org.testng.reporters.JUnitReportReporter -->
<testsuite skipped="0" hostname="ech-0A9D805B" name="com.pageObjects.SignUp.test.SignUpTest" tests="10" failures="2" timestamp="14 Mar 2017 20:36:50 GMT" time="113.367" errors="0">
  <testcase name="enterInvalidEmail" time="8.163" classname="com.pageObjects.SignUp.test.SignUpTest"/>
  <testcase name="enterValidEmail" time="8.397" classname="com.pageObjects.SignUp.test.SignUpTest"/>
  <testcase name="enterInvalidEmail" time="7.968" classname="com.pageObjects.SignUp.test.SignUpTest"/>
  <testcase name="enterInvalidEmail" time="23.333" classname="com.pageObjects.SignUp.test.SignUpTest">
    <failure type="java.lang.AssertionError" message="Timeout: &#039;Expected condition failed: waiting for visibility of element located by By.id: create_account_error (tried for 15 second(s) with 500 MILLISECONDS interval)  - Element &#039;By.id: create_account_error&#039; not found for SignUpPage">
      <![CDATA[java.lang.AssertionError: Timeout: 'Expected condition failed: waiting for visibility of element located by By.id: create_account_error (tried for 15 second(s) with 500 MILLISECONDS interval)  - Element 'By.id: create_account_error' not found for SignUpPage
	at org.junit.Assert.fail(Assert.java:88)
	at org.junit.Assert.assertTrue(Assert.java:41)
	at com.pageObjects.AbstractPage.isElementPresent(AbstractPage.java:89)
	at com.pageObjects.SignUpPage.getAlertCreateAccount(SignUpPage.java:61)
	at com.pageObjects.SignUp.test.SignUpTest.enterInvalidEmail(SignUpTest.java:28)
	at sun.reflect.NativeMethodAccessorImpl.invoke0(Native Method)
	at sun.reflect.NativeMethodAccessorImpl.invoke(NativeMethodAccessorImpl.java:62)
	at sun.reflect.DelegatingMethodAccessorImpl.invoke(DelegatingMethodAccessorImpl.java:43)
	at java.lang.reflect.Method.invoke(Method.java:498)
	at org.testng.internal.MethodInvocationHelper.invokeMethod(MethodInvocationHelper.java:108)
	at org.testng.internal.Invoker.invokeMethod(Invoker.java:661)
	at org.testng.internal.Invoker.invokeTestMethod(Invoker.java:869)
	at org.testng.internal.Invoker.invokeTestMethods(Invoker.java:1193)
	at org.testng.internal.TestMethodWorker.invokeTestMethods(TestMethodWorker.java:126)
	at org.testng.internal.TestMethodWorker.run(TestMethodWorker.java:109)
	at org.testng.TestRunner.privateRun(TestRunner.java:744)
	at org.testng.TestRunner.run(TestRunner.java:602)
	at org.testng.SuiteRunner.runTest(SuiteRunner.java:380)
	at org.testng.SuiteRunner.runSequentially(SuiteRunner.java:375)
	at org.testng.SuiteRunner.privateRun(SuiteRunner.java:340)
	at org.testng.SuiteRunner.run(SuiteRunner.java:289)
	at org.testng.SuiteRunnerWorker.runSuite(SuiteRunnerWorker.java:52)
	at org.testng.SuiteRunnerWorker.run(SuiteRunnerWorker.java:86)
	at org.testng.TestNG.runSuitesSequentially(TestNG.java:1301)
	at org.testng.TestNG.runSuitesLocally(TestNG.java:1226)
	at org.testng.TestNG.runSuites(TestNG.java:1144)
	at org.testng.TestNG.run(TestNG.java:1115)
	at org.testng.remote.AbstractRemoteTestNG.run(AbstractRemoteTestNG.java:132)
	at org.testng.remote.RemoteTestNG.initAndRun(RemoteTestNG.java:236)
	at org.testng.remote.RemoteTestNG.main(RemoteTestNG.java:81)
]]>
    </failure>
  </testcase> <!-- enterInvalidEmail -->
  <testcase name="enterValidEmail" time="9.430" classname="com.pageObjects.SignUp.test.SignUpTest"/>
  <testcase name="enterInvalidEmail" time="8.103" classname="com.pageObjects.SignUp.test.SignUpTest"/>
  <testcase name="enterValidEmail" time="9.219" classname="com.pageObjects.SignUp.test.SignUpTest"/>
  <testcase name="enterInvalidEmail" time="22.538" classname="com.pageObjects.SignUp.test.SignUpTest">
    <failure type="java.lang.AssertionError" message="Timeout: &#039;Expected condition failed: waiting for visibility of element located by By.id: create_account_error (tried for 15 second(s) with 500 MILLISECONDS interval)  - Element &#039;By.id: create_account_error&#039; not found for SignUpPage">
      <![CDATA[java.lang.AssertionError: Timeout: 'Expected condition failed: waiting for visibility of element located by By.id: create_account_error (tried for 15 second(s) with 500 MILLISECONDS interval)  - Element 'By.id: create_account_error' not found for SignUpPage
	at org.junit.Assert.fail(Assert.java:88)
	at org.junit.Assert.assertTrue(Assert.java:41)
	at com.pageObjects.AbstractPage.isElementPresent(AbstractPage.java:89)
	at com.pageObjects.SignUpPage.getAlertCreateAccount(SignUpPage.java:61)
	at com.pageObjects.SignUp.test.SignUpTest.enterInvalidEmail(SignUpTest.java:28)
	at sun.reflect.NativeMethodAccessorImpl.invoke0(Native Method)
	at sun.reflect.NativeMethodAccessorImpl.invoke(NativeMethodAccessorImpl.java:62)
	at sun.reflect.DelegatingMethodAccessorImpl.invoke(DelegatingMethodAccessorImpl.java:43)
	at java.lang.reflect.Method.invoke(Method.java:498)
	at org.testng.internal.MethodInvocationHelper.invokeMethod(MethodInvocationHelper.java:108)
	at org.testng.internal.Invoker.invokeMethod(Invoker.java:661)
	at org.testng.internal.Invoker.invokeTestMethod(Invoker.java:869)
	at org.testng.internal.Invoker.invokeTestMethods(Invoker.java:1193)
	at org.testng.internal.TestMethodWorker.invokeTestMethods(TestMethodWorker.java:126)
	at org.testng.internal.TestMethodWorker.run(TestMethodWorker.java:109)
	at org.testng.TestRunner.privateRun(TestRunner.java:744)
	at org.testng.TestRunner.run(TestRunner.java:602)
	at org.testng.SuiteRunner.runTest(SuiteRunner.java:380)
	at org.testng.SuiteRunner.runSequentially(SuiteRunner.java:375)
	at org.testng.SuiteRunner.privateRun(SuiteRunner.java:340)
	at org.testng.SuiteRunner.run(SuiteRunner.java:289)
	at org.testng.SuiteRunnerWorker.runSuite(SuiteRunnerWorker.java:52)
	at org.testng.SuiteRunnerWorker.run(SuiteRunnerWorker.java:86)
	at org.testng.TestNG.runSuitesSequentially(TestNG.java:1301)
	at org.testng.TestNG.runSuitesLocally(TestNG.java:1226)
	at org.testng.TestNG.runSuites(TestNG.java:1144)
	at org.testng.TestNG.run(TestNG.java:1115)
	at org.testng.remote.AbstractRemoteTestNG.run(AbstractRemoteTestNG.java:132)
	at org.testng.remote.RemoteTestNG.initAndRun(RemoteTestNG.java:236)
	at org.testng.remote.RemoteTestNG.main(RemoteTestNG.java:81)
]]>
    </failure>
  </testcase> <!-- enterInvalidEmail -->
  <testcase name="enterValidEmail" time="7.268" classname="com.pageObjects.SignUp.test.SignUpTest"/>
  <testcase name="enterValidEmail" time="8.948" classname="com.pageObjects.SignUp.test.SignUpTest"/>
</testsuite> <!-- com.pageObjects.SignUp.test.SignUpTest -->
